<?xml version="1.0" encoding="UTF-8"?>
<testng-results ignored="0" total="1" passed="1" failed="0" skipped="0">
  <reporter-output>
  </reporter-output>
  <suite started-at="2021-04-24T13:29:02Z" name="Default suite" finished-at="2021-04-24T13:29:05Z" duration-ms="2961">
    <groups>
    </groups>
    <test started-at="2021-04-24T13:29:02Z" name="Default test" finished-at="2021-04-24T13:29:05Z" duration-ms="2961">
      <class name="test.TestClass">
        <test-method signature="Test1()[pri:0, instance:test.TestClass@4bf48f6]" started-at="2021-04-24T08:29:02Z" name="Test1" finished-at="2021-04-24T08:29:05Z" duration-ms="2935" status="PASS">
          <reporter-output>
          </reporter-output>
        </test-method> <!-- Test1 -->
      </class> <!-- test.TestClass -->
    </test> <!-- Default test -->
  </suite> <!-- Default suite -->
</testng-results>
